110
6
42
6
6
6
6
6
337
42
42
42
337
42
42
42
52
52
48
337
337
6
337
47
48
48
42
42
42
104
110
42
48
48
42
42
110
42
110
42
42
42
110
42
42
47
47
48
48
42
47
52
52
42
42
42
6
110
42
110
110
110
110
110
110
110
42
48
52
52
48
42
52
52
52
110
110
6
110
108
108
104
108
108
108
108
108
134
108
134
108
108
108
104
104
104
104
122
104
104
108
122
104
104
104
104
110
108
110
110
108
104
104
122
104
104
104
134
134
134
122
122
122
122
122
122
122
122
207
207
134
108
122
134
108
122
122
207
122
122
122
122
207
122
207
207
207
207
207
207
207
207
122
207
122
207
207
122
207
122
207
207
207
122
207
207
207
207
207
207
207
122
207
207
207
207
122
122
207
207
207
207
122
122
207
207
207
122
207
207
207
207
207
122
122
207
207
207
207
207
207
122
207
207
207
207
207
207
207
122
122
207
207
207
207
207
207
207
122
207
207
207
207
207
207
207
207
207
122
207
207
207
207
207
207
207
122
122
207
207
207
207
122
104
104
207
104
122
104
122
207
207
207
207
122
122
122
207
122
207
122
122
122
207
207
104
207
104
104
104
104
207
104
104
104
207
104
104
207
134
6
110
122
104
122
104
122
6
6
104
104
134
110
110
110
110
110
104
104
110
104
6
104
104
42
110
110
122
104
104
6
110
110
110
6
104
104
104
110
110
110
110
110
110
110
110
110
110
110
110
104
6
6
6
42
42
337
337
337
42
337
42
337
337
337
337
337
47
47
47
42
42
337
42
42
42
42
110
110
104
6
337
337
42
42
